2024-06-09 12:03:19,863 Successfully posted to Discord.
2024-06-09 15:05:57,543 Successfully posted to Discord.
2024-06-09 15:08:10,763 An error occurred: Invalid isoformat string: 'Sun, 09 Jun 2024 18:05:29 +0000'
2024-06-09 15:08:24,936 Successfully posted to Discord.
2024-06-09 15:12:59,946 Successfully posted to Discord: Did they majorly increase storage space?
2024-06-09 15:13:00,205 Successfully posted to Discord: Suffused Choker cannot be socketed
2024-06-09 15:13:00,457 Successfully posted to Discord: Hell Welcomes All: Celebrating Global Accessibility Awareness Day
2024-06-09 15:13:00,702 Successfully posted to Discord: Hell Welcomes All: Celebrating Global Accessibility Awareness Day
2024-06-09 15:13:00,958 Successfully posted to Discord: Hell Welcomes All: Celebrating Global Accessibility Awareness Day
2024-06-09 15:13:01,281 Successfully posted to Discord: Hell Welcomes All: Celebrating Global Accessibility Awareness Day
2024-06-09 15:13:01,613 Successfully posted to Discord: HOTFIX 1 - May 16, 2024 - 1.4.0
2024-06-09 15:13:01,978 Successfully posted to Discord: HOTFIX 1 - May 16, 2024 - 1.4.0
2024-06-09 15:13:02,294 Successfully posted to Discord: MoP Remix - Character Locked
2024-06-09 15:13:02,533 Successfully posted to Discord: Resplendent Sparks did not transfer from S3 to eternal
2024-06-09 15:13:02,829 Successfully posted to Discord: Tree of whispers - can't choose reward (Reward window empty)
2024-06-09 15:13:03,079 Successfully posted to Discord: S4: Tree of Whisper Reward bug (Fixed)
2024-06-09 15:13:03,372 Successfully posted to Discord: Season 4 Issue Tracking
2024-06-09 15:13:03,651 Successfully posted to Discord: Season 4 Issue Tracking
2024-06-09 15:13:03,927 Successfully posted to Discord: Lacking social system
2024-06-09 15:13:04,110 Failed to post to Discord: 429
2024-06-09 15:13:04,359 Successfully posted to Discord: HOTFIX 2 - May 22, 2024 - 1.4.0
2024-06-09 15:13:04,655 Successfully posted to Discord: HOTFIX 2 - May 22, 2024 - 1.4.0
2024-06-09 15:13:04,845 Failed to post to Discord: 429
2024-06-09 15:13:05,166 Successfully posted to Discord: Stuck at loading screen
2024-06-09 15:13:05,365 Failed to post to Discord: 429
2024-06-09 15:13:05,597 Successfully posted to Discord: Loading Screen Issues
2024-06-09 15:13:05,824 Successfully posted to Discord: Diablo II: Resurrected Ladder Season 7 Now Live
2024-06-09 15:13:06,035 Failed to post to Discord: 429
2024-06-09 15:13:06,269 Successfully posted to Discord: Diablo IV Patch Notes (1.0 - 1.2)
2024-06-09 15:13:06,447 Failed to post to Discord: 429
2024-06-09 15:13:06,674 Successfully posted to Discord: Blizz - you cannot nerf Bash mid season
2024-06-09 15:13:06,868 Failed to post to Discord: 429
2024-06-09 15:13:07,091 Successfully posted to Discord: Workaround for Masterworking being disabled post 1.4.1 patch
2024-06-09 15:13:07,274 Failed to post to Discord: 429
2024-06-09 15:13:07,534 Successfully posted to Discord: Master working gold cost
2024-06-09 15:13:07,709 Failed to post to Discord: 429
2024-06-09 15:13:08,131 Successfully posted to Discord: Stuck in crash loop after the patch dropped
2024-06-09 15:13:08,510 Successfully posted to Discord: HOTFIX 1 - May 30, 2024 - 1.4.1
2024-06-09 15:13:08,753 Successfully posted to Discord: HOTFIX 1 - May 30, 2024 - 1.4.1
2024-06-09 15:13:08,938 Failed to post to Discord: 429
2024-06-09 15:13:09,250 Successfully posted to Discord: Celebrate the Diablo Anniversary with March of the Goblins
2024-06-09 15:13:09,566 Successfully posted to Discord: Rapid Fire shooting feels awful after 1.4.1 patch NEW: *UPDATE AFTER HOTFIX*
2024-06-09 15:13:09,760 Failed to post to Discord: 429
2024-06-09 15:13:10,047 Successfully posted to Discord: Diablo II: Classic Ladder Reset - June 14th, 2024 - Friday 5PM PST
2024-06-09 15:13:10,274 Successfully posted to Discord: Timewalking Instances Bugged
2024-06-09 15:13:10,513 Failed to post to Discord: 429
2024-06-09 15:13:10,809 Successfully posted to Discord: Some updates for the Diablo IV Anniversary
2024-06-09 15:13:11,039 Successfully posted to Discord: Celebrate the Diablo Anniversary with March of the Goblins
2024-06-09 15:13:11,227 Failed to post to Discord: 429
2024-06-09 15:13:11,504 Successfully posted to Discord: Prepare to Embody the Spiritborn – Pre-Purchase Vessel of Hatred
2024-06-09 15:13:11,685 Failed to post to Discord: 429
2024-06-09 15:13:11,937 Successfully posted to Discord: Prepare to Embody the Spiritborn – Pre-Purchase Vessel of Hatred
2024-06-09 15:13:12,135 Failed to post to Discord: 429
2024-06-09 15:13:12,458 Successfully posted to Discord: Diablo IV Patch Notes
2024-06-10 02:00:03,249 Successfully posted to Discord: Diablo IV Patch Notes
2024-06-10 02:00:03,949 Successfully posted to Discord: Diablo IV Patch Notes
2024-06-11 02:00:02,260 No new entries to post.
