2024-06-09 15:38:30,966 INFO Scraped gold value: 0.007238
2024-06-09 15:38:33,327 INFO Scraped Duriel Ticket price: 0.0488
2024-06-09 15:38:34,879 INFO Scraped Varshan Ticket price: 0.0149
2024-06-09 15:38:36,953 INFO Scraped Andariel Ticket price: 0.048
2024-06-09 15:38:38,252 INFO Scraped Stygian Stone price: 0.048
2024-06-09 15:38:38,520 INFO Successfully sent to Discord
2024-06-09 15:40:25,521 INFO Scraped gold value: 0.007237
2024-06-09 15:40:28,432 INFO Scraped Duriel Ticket price: 0.0488
2024-06-09 15:40:30,878 INFO Scraped Varshan Ticket price: 0.0149
2024-06-09 15:40:32,594 INFO Scraped Andariel Ticket price: 0.048
2024-06-09 15:40:33,417 INFO Scraped Stygian Stone price: 0.048
2024-06-09 15:40:33,672 INFO Successfully sent to Discord
2024-06-09 15:48:29,105 INFO Scraped gold value: 0.0074
2024-06-09 15:48:31,144 INFO Scraped Duriel Ticket price: 0.0488
2024-06-09 15:48:33,703 INFO Scraped Varshan Ticket price: 0.0149
2024-06-09 15:48:36,023 INFO Scraped Andariel Ticket price: 0.048
2024-06-09 15:48:37,274 INFO Scraped Stygian Stone price: 0.048
2024-06-09 15:48:37,525 INFO Successfully sent to Discord
2024-06-09 15:50:55,241 INFO Scraped gold value: 7.4
2024-06-09 15:50:56,510 INFO Scraped Duriel Ticket price: 0.0488
2024-06-09 15:50:58,492 INFO Scraped Varshan Ticket price: 0.0149
2024-06-09 15:51:01,084 INFO Scraped Andariel Ticket price: 0.048
2024-06-09 15:51:02,320 INFO Scraped Stygian Stone price: 0.048
2024-06-09 15:51:02,535 INFO Successfully sent to Discord
2024-06-09 15:54:14,088 INFO Scraped gold value: 7.4
2024-06-09 15:54:14,560 INFO Scraped Duriel Ticket price: 0.0488
2024-06-09 15:54:16,458 INFO Scraped Varshan Ticket price: 0.0149
2024-06-09 15:54:17,809 INFO Scraped Andariel Ticket price: 0.048
2024-06-09 15:54:18,475 INFO Scraped Stygian Stone price: 0.048
2024-06-09 15:54:18,696 INFO Successfully sent to Discord
2024-06-09 15:55:03,357 INFO Scraped gold value: 7.4
2024-06-09 15:55:04,797 INFO Scraped Duriel Ticket price: 0.0488
2024-06-09 15:55:06,050 INFO Scraped Varshan Ticket price: 0.0149
2024-06-09 15:55:06,512 INFO Scraped Andariel Ticket price: 0.048
2024-06-09 15:55:07,743 INFO Scraped Stygian Stone price: 0.048
2024-06-09 15:55:07,992 INFO Successfully sent to Discord
